-------------------------------------------------------------------------------
Test set: com.java.learning.encapsulation.AddressTest$EqualsHashCodeTests
-------------------------------------------------------------------------------
Tests run: 4, Failures: 0, Errors: 4, Skipped: 0, Time elapsed: 0.020 s <<< FAILURE! -- in com.java.learning.encapsulation.AddressTest$EqualsHashCodeTests
com.java.learning.encapsulation.AddressTest$EqualsHashCodeTests.shouldNotBeEqualToNull -- Time elapsed: 0.004 s <<< ERROR!
java.lang.UnsupportedOperationException: TODO: implement equals
	at com.java.learning.encapsulation.Address.equals(Address.java:82)
	at org.assertj.core.internal.StandardComparisonStrategy.areEqual(StandardComparisonStrategy.java:108)
	at org.assertj.core.internal.Objects.areEqual(Objects.java:362)
	at org.assertj.core.internal.Objects.assertNotEqual(Objects.java:351)
	at org.assertj.core.api.AbstractAssert.isNotEqualTo(AbstractAssert.java:371)
	at com.java.learning.encapsulation.AddressTest$EqualsHashCodeTests.shouldNotBeEqualToNull(AddressTest.java:126)
	at java.base/java.lang.reflect.Method.invoke(Method.java:580)
	at java.base/java.util.ArrayList.forEach(ArrayList.java:1596)
	at java.base/java.util.ArrayList.forEach(ArrayList.java:1596)
	at java.base/java.util.ArrayList.forEach(ArrayList.java:1596)

com.java.learning.encapsulation.AddressTest$EqualsHashCodeTests.shouldNotBeEqualForDifferentData -- Time elapsed: 0.003 s <<< ERROR!
java.lang.UnsupportedOperationException: TODO: implement equals
	at com.java.learning.encapsulation.Address.equals(Address.java:82)
	at org.assertj.core.internal.StandardComparisonStrategy.areEqual(StandardComparisonStrategy.java:108)
	at org.assertj.core.internal.Objects.areEqual(Objects.java:362)
	at org.assertj.core.internal.Objects.assertNotEqual(Objects.java:351)
	at org.assertj.core.api.AbstractAssert.isNotEqualTo(AbstractAssert.java:371)
	at com.java.learning.encapsulation.AddressTest$EqualsHashCodeTests.shouldNotBeEqualForDifferentData(AddressTest.java:118)
	at java.base/java.lang.reflect.Method.invoke(Method.java:580)
	at java.base/java.util.ArrayList.forEach(ArrayList.java:1596)
	at java.base/java.util.ArrayList.forEach(ArrayList.java:1596)
	at java.base/java.util.ArrayList.forEach(ArrayList.java:1596)

com.java.learning.encapsulation.AddressTest$EqualsHashCodeTests.shouldNotBeEqualToDifferentType -- Time elapsed: 0.002 s <<< ERROR!
java.lang.UnsupportedOperationException: TODO: implement equals
	at com.java.learning.encapsulation.Address.equals(Address.java:82)
	at org.assertj.core.internal.StandardComparisonStrategy.areEqual(StandardComparisonStrategy.java:108)
	at org.assertj.core.internal.Objects.areEqual(Objects.java:362)
	at org.assertj.core.internal.Objects.assertNotEqual(Objects.java:351)
	at org.assertj.core.api.AbstractAssert.isNotEqualTo(AbstractAssert.java:371)
	at com.java.learning.encapsulation.AddressTest$EqualsHashCodeTests.shouldNotBeEqualToDifferentType(AddressTest.java:134)
	at java.base/java.lang.reflect.Method.invoke(Method.java:580)
	at java.base/java.util.ArrayList.forEach(ArrayList.java:1596)
	at java.base/java.util.ArrayList.forEach(ArrayList.java:1596)
	at java.base/java.util.ArrayList.forEach(ArrayList.java:1596)

com.java.learning.encapsulation.AddressTest$EqualsHashCodeTests.shouldBeEqualForSameData -- Time elapsed: 0.004 s <<< ERROR!
java.lang.UnsupportedOperationException: TODO: implement equals
	at com.java.learning.encapsulation.Address.equals(Address.java:82)
	at org.assertj.core.internal.StandardComparisonStrategy.areEqual(StandardComparisonStrategy.java:108)
	at org.assertj.core.internal.Objects.areEqual(Objects.java:362)
	at org.assertj.core.internal.Objects.assertEqual(Objects.java:338)
	at org.assertj.core.api.AbstractAssert.isEqualTo(AbstractAssert.java:364)
	at com.java.learning.encapsulation.AddressTest$EqualsHashCodeTests.shouldBeEqualForSameData(AddressTest.java:108)
	at java.base/java.lang.reflect.Method.invoke(Method.java:580)
	at java.base/java.util.ArrayList.forEach(ArrayList.java:1596)
	at java.base/java.util.ArrayList.forEach(ArrayList.java:1596)
	at java.base/java.util.ArrayList.forEach(ArrayList.java:1596)

