-------------------------------------------------------------------------------
Test set: com.java.learning.encapsulation.AddressTest$CreationTests
-------------------------------------------------------------------------------
Tests run: 6, Failures: 5, Errors: 0, Skipped: 0, Time elapsed: 0.037 s <<< FAILURE! -- in com.java.learning.encapsulation.AddressTest$CreationTests
com.java.learning.encapsulation.AddressTest$CreationTests.shouldRejectNullCity -- Time elapsed: 0.006 s <<< FAILURE!
java.lang.AssertionError: 

Expecting code to raise a throwable.
	at com.java.learning.encapsulation.AddressTest$CreationTests.shouldRejectNullCity(AddressTest.java:44)
	at java.base/java.lang.reflect.Method.invoke(Method.java:580)
	at java.base/java.util.ArrayList.forEach(ArrayList.java:1596)
	at java.base/java.util.ArrayList.forEach(ArrayList.java:1596)
	at java.base/java.util.ArrayList.forEach(ArrayList.java:1596)

com.java.learning.encapsulation.AddressTest$CreationTests.shouldRejectNullCountry -- Time elapsed: 0.003 s <<< FAILURE!
java.lang.AssertionError: 

Expecting code to raise a throwable.
	at com.java.learning.encapsulation.AddressTest$CreationTests.shouldRejectNullCountry(AddressTest.java:58)
	at java.base/java.lang.reflect.Method.invoke(Method.java:580)
	at java.base/java.util.ArrayList.forEach(ArrayList.java:1596)
	at java.base/java.util.ArrayList.forEach(ArrayList.java:1596)
	at java.base/java.util.ArrayList.forEach(ArrayList.java:1596)

com.java.learning.encapsulation.AddressTest$CreationTests.shouldRejectNullStreet -- Time elapsed: 0.002 s <<< FAILURE!
java.lang.AssertionError: 

Expecting code to raise a throwable.
	at com.java.learning.encapsulation.AddressTest$CreationTests.shouldRejectNullStreet(AddressTest.java:30)
	at java.base/java.lang.reflect.Method.invoke(Method.java:580)
	at java.base/java.util.ArrayList.forEach(ArrayList.java:1596)
	at java.base/java.util.ArrayList.forEach(ArrayList.java:1596)
	at java.base/java.util.ArrayList.forEach(ArrayList.java:1596)

com.java.learning.encapsulation.AddressTest$CreationTests.shouldRejectEmptyStreet -- Time elapsed: 0.002 s <<< FAILURE!
java.lang.AssertionError: 

Expecting code to raise a throwable.
	at com.java.learning.encapsulation.AddressTest$CreationTests.shouldRejectEmptyStreet(AddressTest.java:37)
	at java.base/java.lang.reflect.Method.invoke(Method.java:580)
	at java.base/java.util.ArrayList.forEach(ArrayList.java:1596)
	at java.base/java.util.ArrayList.forEach(ArrayList.java:1596)
	at java.base/java.util.ArrayList.forEach(ArrayList.java:1596)

com.java.learning.encapsulation.AddressTest$CreationTests.shouldRejectNullZipCode -- Time elapsed: 0.001 s <<< FAILURE!
java.lang.AssertionError: 

Expecting code to raise a throwable.
	at com.java.learning.encapsulation.AddressTest$CreationTests.shouldRejectNullZipCode(AddressTest.java:51)
	at java.base/java.lang.reflect.Method.invoke(Method.java:580)
	at java.base/java.util.ArrayList.forEach(ArrayList.java:1596)
	at java.base/java.util.ArrayList.forEach(ArrayList.java:1596)
	at java.base/java.util.ArrayList.forEach(ArrayList.java:1596)

