-------------------------------------------------------------------------------
Test set: com.java.learning.encapsulation.PersonTest$EqualsHashCodeTests
-------------------------------------------------------------------------------
Tests run: 2, Failures: 0, Errors: 2, Skipped: 0, Time elapsed: 0.005 s <<< FAILURE! -- in com.java.learning.encapsulation.PersonTest$EqualsHashCodeTests
com.java.learning.encapsulation.PersonTest$EqualsHashCodeTests.shouldNotBeEqualForDifferentNames -- Time elapsed: 0.003 s <<< ERROR!
java.lang.UnsupportedOperationException: TODO: implement equals
	at com.java.learning.encapsulation.Person.equals(Person.java:101)
	at org.assertj.core.internal.StandardComparisonStrategy.areEqual(StandardComparisonStrategy.java:108)
	at org.assertj.core.internal.Objects.areEqual(Objects.java:362)
	at org.assertj.core.internal.Objects.assertNotEqual(Objects.java:351)
	at org.assertj.core.api.AbstractAssert.isNotEqualTo(AbstractAssert.java:371)
	at com.java.learning.encapsulation.PersonTest$EqualsHashCodeTests.shouldNotBeEqualForDifferentNames(PersonTest.java:247)
	at java.base/java.lang.reflect.Method.invoke(Method.java:580)
	at java.base/java.util.ArrayList.forEach(ArrayList.java:1596)
	at java.base/java.util.ArrayList.forEach(ArrayList.java:1596)
	at java.base/java.util.ArrayList.forEach(ArrayList.java:1596)

com.java.learning.encapsulation.PersonTest$EqualsHashCodeTests.shouldBeEqualForSameData -- Time elapsed: 0.002 s <<< ERROR!
java.lang.UnsupportedOperationException: TODO: implement equals
	at com.java.learning.encapsulation.Person.equals(Person.java:101)
	at org.assertj.core.internal.StandardComparisonStrategy.areEqual(StandardComparisonStrategy.java:108)
	at org.assertj.core.internal.Objects.areEqual(Objects.java:362)
	at org.assertj.core.internal.Objects.assertEqual(Objects.java:338)
	at org.assertj.core.api.AbstractAssert.isEqualTo(AbstractAssert.java:364)
	at com.java.learning.encapsulation.PersonTest$EqualsHashCodeTests.shouldBeEqualForSameData(PersonTest.java:237)
	at java.base/java.lang.reflect.Method.invoke(Method.java:580)
	at java.base/java.util.ArrayList.forEach(ArrayList.java:1596)
	at java.base/java.util.ArrayList.forEach(ArrayList.java:1596)
	at java.base/java.util.ArrayList.forEach(ArrayList.java:1596)

