-------------------------------------------------------------------------------
Test set: com.java.learning.encapsulation.AuditLogTest$ListProtectionTests
-------------------------------------------------------------------------------
Tests run: 4, Failures: 0, Errors: 4, Skipped: 0, Time elapsed: 0.011 s <<< FAILURE! -- in com.java.learning.encapsulation.AuditLogTest$ListProtectionTests
com.java.learning.encapsulation.AuditLogTest$ListProtectionTests.shouldNotAffectOriginalLogAfterModificationAttempt -- Time elapsed: 0.002 s <<< ERROR!
java.lang.UnsupportedOperationException: TODO: implement
	at com.java.learning.encapsulation.AuditLog.<init>(AuditLog.java:22)
	at com.java.learning.encapsulation.AuditLogTest$ListProtectionTests.shouldNotAffectOriginalLogAfterModificationAttempt(AuditLogTest.java:117)
	at java.base/java.lang.reflect.Method.invoke(Method.java:580)
	at java.base/java.util.ArrayList.forEach(ArrayList.java:1596)
	at java.base/java.util.ArrayList.forEach(ArrayList.java:1596)
	at java.base/java.util.ArrayList.forEach(ArrayList.java:1596)

com.java.learning.encapsulation.AuditLogTest$ListProtectionTests.shouldNotAllowRemovingFromReturnedList -- Time elapsed: 0.003 s <<< ERROR!
java.lang.UnsupportedOperationException: TODO: implement
	at com.java.learning.encapsulation.AuditLog.<init>(AuditLog.java:22)
	at com.java.learning.encapsulation.AuditLogTest$ListProtectionTests.shouldNotAllowRemovingFromReturnedList(AuditLogTest.java:105)
	at java.base/java.lang.reflect.Method.invoke(Method.java:580)
	at java.base/java.util.ArrayList.forEach(ArrayList.java:1596)
	at java.base/java.util.ArrayList.forEach(ArrayList.java:1596)
	at java.base/java.util.ArrayList.forEach(ArrayList.java:1596)

com.java.learning.encapsulation.AuditLogTest$ListProtectionTests.shouldNotAllowAddingToReturnedList -- Time elapsed: 0.001 s <<< ERROR!
java.lang.UnsupportedOperationException: TODO: implement
	at com.java.learning.encapsulation.AuditLog.<init>(AuditLog.java:22)
	at com.java.learning.encapsulation.AuditLogTest$ListProtectionTests.shouldNotAllowAddingToReturnedList(AuditLogTest.java:80)
	at java.base/java.lang.reflect.Method.invoke(Method.java:580)
	at java.base/java.util.ArrayList.forEach(ArrayList.java:1596)
	at java.base/java.util.ArrayList.forEach(ArrayList.java:1596)
	at java.base/java.util.ArrayList.forEach(ArrayList.java:1596)

com.java.learning.encapsulation.AuditLogTest$ListProtectionTests.shouldNotAllowClearingReturnedList -- Time elapsed: 0.001 s <<< ERROR!
java.lang.UnsupportedOperationException: TODO: implement
	at com.java.learning.encapsulation.AuditLog.<init>(AuditLog.java:22)
	at com.java.learning.encapsulation.AuditLogTest$ListProtectionTests.shouldNotAllowClearingReturnedList(AuditLogTest.java:93)
	at java.base/java.lang.reflect.Method.invoke(Method.java:580)
	at java.base/java.util.ArrayList.forEach(ArrayList.java:1596)
	at java.base/java.util.ArrayList.forEach(ArrayList.java:1596)
	at java.base/java.util.ArrayList.forEach(ArrayList.java:1596)

